<?xml version="1.0" encoding="UTF-8"?>
<testsuite xmlns:xsi="http://www.w3.org/2001/XMLSchema-instance" xsi:noNamespaceSchemaLocation="https://maven.apache.org/surefire/maven-surefire-plugin/xsd/surefire-test-report-3.0.xsd" version="3.0" name="com.asu.adpaterLearning.defaultComponentComponentTest" time="1.408" tests="1" errors="0" skipped="0" failures="0">
  <properties>
[...]
</properties>
  <testcase name="testSample" classname="com.asu.adpaterLearning.defaultComponentComponentTest" time="1.369">
    <system-out><![CDATA[Hello world1 (Consumer) Now it is Sun May 01 15:59:38 IST 2022 (Producer) : HELLO WORLD2
]]></system-out>
    <system-err><![CDATA[log4j:WARN No appenders could be found for logger (com.asu.adpaterLearning.defaultComponentComponentTest).
log4j:WARN Please initialize the log4j system properly.
log4j:WARN See http://logging.apache.org/log4j/1.2/faq.html#noconfig for more info.
]]></system-err>
  </testcase>
</testsuite>